<?xml version="1.0" encoding="UTF-8"?>
<!-- Generated by org.testng.reporters.JUnitXMLReporter -->
<testsuite ignored="0" hostname="DEVESHPC" failures="0" tests="8" name="Default test" time="48.895" errors="0" timestamp="2024-01-06T13:02:04 IST">
  <testcase classname="testCases.LoginTC" name="test001_check_that_The_login_succesfully" time="3.085"/>
  <testcase classname="testCases.LoginTC" name="test002_click_on_the_sandwitch_menu_and_logout_button" time="2.22"/>
  <testcase classname="testCases.LoginTC" name="test003_check_the_logout_is_successfully_happened" time="0.054"/>
  <testcase classname="testCases.LoginTC" name="test004_enter_the_username_and_password_and_click_on_the_login_button" time="6.795"/>
  <testcase classname="testCases.LoginTC" name="test004_enter_the_username_and_password_and_click_on_the_login_button" time="6.73"/>
  <testcase classname="testCases.LoginTC" name="test004_enter_the_username_and_password_and_click_on_the_login_button" time="11.7"/>
  <testcase classname="testCases.LoginTC" name="test004_enter_the_username_and_password_and_click_on_the_login_button" time="6.816"/>
  <testcase classname="testCases.LoginTC" name="test004_enter_the_username_and_password_and_click_on_the_login_button" time="6.799"/>
</testsuite> <!-- Default test -->
