<?xml version="1.0" encoding="UTF-8"?>
<!-- Generated by org.testng.reporters.JUnitXMLReporter -->
<testsuite ignored="0" hostname="DEVESHPC" failures="0" tests="16" name="Test" time="73.059" errors="0" timestamp="2024-01-06T13:20:22 IST">
  <testcase classname="SeleniumProject.SeleniumAutoDemo.LoginTC" name="test001_check_that_The_login_succesfully" time="3.048"/>
  <testcase classname="SeleniumProject.SeleniumAutoDemo.LoginTC" name="test002_click_on_the_sandwitch_menu_and_logout_button" time="2.104"/>
  <testcase classname="SeleniumProject.SeleniumAutoDemo.LoginTC" name="test003_check_the_logout_is_successfully_happened" time="0.026"/>
  <testcase classname="SeleniumProject.SeleniumAutoDemo.LoginTC" name="test004_enter_the_username_and_password_and_click_on_the_login_button" time="6.358"/>
  <testcase classname="SeleniumProject.SeleniumAutoDemo.LoginTC" name="test004_enter_the_username_and_password_and_click_on_the_login_button" time="6.333"/>
  <testcase classname="SeleniumProject.SeleniumAutoDemo.LoginTC" name="test004_enter_the_username_and_password_and_click_on_the_login_button" time="11.341"/>
  <testcase classname="SeleniumProject.SeleniumAutoDemo.LoginTC" name="test004_enter_the_username_and_password_and_click_on_the_login_button" time="6.342"/>
  <testcase classname="SeleniumProject.SeleniumAutoDemo.LoginTC" name="test004_enter_the_username_and_password_and_click_on_the_login_button" time="6.375"/>
  <testcase classname="SeleniumProject.SeleniumAutoDemo.SelectProductTC" name="test001_select_all_the_filter" time="6.132"/>
  <testcase classname="SeleniumProject.SeleniumAutoDemo.SelectProductTC" name="test002_click_on_the_any_product" time="2.079"/>
  <testcase classname="SeleniumProject.SeleniumAutoDemo.SelectProductTC" name="test003_click_on_the_add_to_cart_button" time="2.06"/>
  <testcase classname="SeleniumProject.SeleniumAutoDemo.SelectProductTC" name="test004_click_on_the_cart_button" time="2.071"/>
  <testcase classname="SeleniumProject.SeleniumAutoDemo.SelectProductTC" name="test005_click_on_the_checkout_button" time="3.064"/>
  <testcase classname="SeleniumProject.SeleniumAutoDemo.SelectProductTC" name="test006_enter_the_firstname_lastname_and_zipcode_and_click_on_the_continue_button" time="4.3"/>
  <testcase classname="SeleniumProject.SeleniumAutoDemo.SelectProductTC" name="test007_click_on_the_finish_button" time="2.072"/>
  <testcase classname="SeleniumProject.SeleniumAutoDemo.SelectProductTC" name="test008_click_on_the_back_home_button" time="2.068"/>
</testsuite> <!-- Test -->
